<?xml version="1.0" encoding="UTF-8"?>
<!-- Generated by org.testng.reporters.JUnitReportReporter -->
<testsuite hostname="kiran" failures="0" tests="4" name="TestRunner" time="115.619" errors="0" timestamp="2024-12-27T23:01:06 IST" skipped="0">
  <testcase classname="TestRunner" name="runScenario" time="45.183"/>
  <testcase classname="TestRunner" name="runScenario" time="35.058"/>
  <testcase classname="TestRunner" name="runScenario" time="16.494"/>
  <testcase classname="TestRunner" name="runScenario" time="18.884"/>
</testsuite> <!-- TestRunner -->
